#-----------------------------------------------------------
# Vivado v2020.2 (64-bit)
# SW Build 3064766 on Wed Nov 18 09:12:45 MST 2020
# IP Build 3064653 on Wed Nov 18 14:17:31 MST 2020
# Start of session at: Sun Mar 14 10:01:36 2021
# Process ID: 11632
# Current directory: H:/Vivado/counter
# Command line: vivado.exe -gui_launcher_event rodinguilauncherevent7256 H:\Vivado\counter\counter.xpr
# Log file: H:/Vivado/counter/vivado.log
# Journal file: H:/Vivado/counter\vivado.jou
#-----------------------------------------------------------
start_gui
open_project H:/Vivado/counter/counter.xpr
WARNING: [filemgmt 56-3] Default IP Output Path : Could not find the directory 'H:/Vivado/counter/counter.gen/sources_1'.
Scanning sources...
Finished scanning sources
INFO: [IP_Flow 19-234] Refreshing IP repositories
INFO: [IP_Flow 19-1704] No user IP repositories specified
INFO: [IP_Flow 19-2313] Loaded Vivado IP repository 'H:/Software/Xilinx/Vivado/2020.2/data/ip'.
open_project: Time (s): cpu = 00:00:08 ; elapsed = 00:00:13 . Memory (MB): peak = 923.188 ; gain = 0.000
update_compile_order -fileset sources_1
launch_simulation
Command: launch_simulation 
INFO: [Vivado 12-5682] Launching behavioral simulation in 'H:/Vivado/counter/counter.sim/sim_1/behav/xsim'
INFO: [SIM-utils-51] Simulation object is 'sim_1'
INFO: [SIM-utils-54] Inspecting design source files for 'tb_cnt_up_down' in fileset 'sim_1'...
INFO: [USF-XSim-97] Finding global include files...
INFO: [USF-XSim-98] Fetching design files from 'sim_1'...
INFO: [USF-XSim-2] XSim::Compile design
INFO: [USF-XSim-61] Executing 'COMPILE and ANALYZE' step in 'H:/Vivado/counter/counter.sim/sim_1/behav/xsim'
"xvhdl --incr --relax -prj tb_cnt_up_down_vhdl.prj"
INFO: [USF-XSim-69] 'compile' step finished in '3' seconds
INFO: [USF-XSim-3] XSim::Elaborate design
INFO: [USF-XSim-61] Executing 'ELABORATE' step in 'H:/Vivado/counter/counter.sim/sim_1/behav/xsim'
"xelab -wto d0e6b47300464bd08a5d43a79e465046 --incr --debug typical --relax --mt 2 -L xil_defaultlib -L secureip --snapshot tb_cnt_up_down_behav xil_defaultlib.tb_cnt_up_down -log elaborate.log"
Vivado Simulator 2020.2
Copyright 1986-1999, 2001-2020 Xilinx, Inc. All Rights Reserved.
Running: H:/Software/Xilinx/Vivado/2020.2/bin/unwrapped/win64.o/xelab.exe -wto d0e6b47300464bd08a5d43a79e465046 --incr --debug typical --relax --mt 2 -L xil_defaultlib -L secureip --snapshot tb_cnt_up_down_behav xil_defaultlib.tb_cnt_up_down -log elaborate.log 
Using 2 slave threads.
Starting static elaboration
Completed static elaboration
INFO: [XSIM 43-4323] No Change in HDL. Linking previously generated obj files to create kernel
INFO: [USF-XSim-69] 'elaborate' step finished in '3' seconds
INFO: [USF-XSim-4] XSim::Simulate design
INFO: [USF-XSim-61] Executing 'SIMULATE' step in 'H:/Vivado/counter/counter.sim/sim_1/behav/xsim'
INFO: [USF-XSim-98] *** Running xsim
   with args "tb_cnt_up_down_behav -key {Behavioral:sim_1:Functional:tb_cnt_up_down} -tclbatch {tb_cnt_up_down.tcl} -log {simulate.log}"
INFO: [USF-XSim-8] Loading simulator feature
Vivado Simulator 2020.2
Time resolution is 1 ps
source tb_cnt_up_down.tcl
# set curr_wave [current_wave_config]
# if { [string length $curr_wave] == 0 } {
#   if { [llength [get_objects]] > 0} {
#     add_wave /
#     set_property needs_save false [current_wave_config]
#   } else {
#      send_msg_id Add_Wave-1 WARNING "No top level signals found. Simulator will start without a wave window. If you want to open a wave window go to 'File->New Waveform Configuration' or type 'create_wave_config' in the TCL console."
#   }
# }
# run 1000ns
Note: Stimulus process started
Time: 0 ps  Iteration: 0  Process: /tb_cnt_up_down/p_stimulus  File: H:/Vivado/counter/counter.srcs/sim_1/new/tb_cnt_up_down.vhd
Note: Stimulus process finished
Time: 700 ns  Iteration: 0  Process: /tb_cnt_up_down/p_stimulus  File: H:/Vivado/counter/counter.srcs/sim_1/new/tb_cnt_up_down.vhd
INFO: [USF-XSim-96] XSim completed. Design snapshot 'tb_cnt_up_down_behav' loaded.
INFO: [USF-XSim-97] XSim simulation ran for 1000ns
launch_simulation: Time (s): cpu = 00:00:04 ; elapsed = 00:00:09 . Memory (MB): peak = 923.188 ; gain = 0.000
close_sim
INFO: [Simtcl 6-16] Simulation closed
close_sim: Time (s): cpu = 00:00:02 ; elapsed = 00:00:06 . Memory (MB): peak = 923.188 ; gain = 0.000
exit
INFO: [Common 17-206] Exiting Vivado at Sun Mar 14 10:11:46 2021...
